Using pre-set license
Built from '2020.3/china_unity/release' branch; Version is '2020.3.0f1c1 (1e553bf703d9) revision 1987899'; Using compiler version '192528614'; Build Type 'Release'
OS: 'Windows 10 Pro; OS build 18363.1440; Version 1909; 64bit' Language: 'zh' Physical Memory: 16314 MB
BatchMode: 1, IsHumanControllingUs: 0, StartBugReporterOnCrash: 0, Is64bit: 1, IsPro: 0

 COMMAND LINE ARGUMENTS:
C:\Program Files\Unity\Hub\Editor\2020.3.0f1c1\Editor\Unity.exe
-adb2
-batchMode
-noUpm
-name
AssetImportWorker0
-projectPath
D:/MyUnityProjects/DynamicBone-MagicaCloth
-logFile
Logs/AssetImportWorker0.log
-srvPort
54658
Successfully changed project path to: D:/MyUnityProjects/DynamicBone-MagicaCloth
D:/MyUnityProjects/DynamicBone-MagicaCloth
Using Asset Import Pipeline V2.
Refreshing native plugins compatible for Editor in 25.87 ms, found 0 plugins.
Preloading 0 native plugins for Editor in 0.00 ms.
Initialize engine version: 2020.3.0f1c1 (1e553bf703d9)
[Subsystems] Discovering subsystems at path C:/Program Files/Unity/Hub/Editor/2020.3.0f1c1/Editor/Data/Resources/UnitySubsystems
[Subsystems] Discovering subsystems at path D:/MyUnityProjects/DynamicBone-MagicaCloth/Assets
GfxDevice: creating device client; threaded=0
Direct3D:
    Version:  Direct3D 11.0 [level 11.1]
    Renderer: NVIDIA GeForce RTX 2080 Ti (ID=0x1e07)
    Vendor:   
    VRAM:     11048 MB
    Driver:   27.21.14.6589
Initialize mono
Mono path[0] = 'C:/Program Files/Unity/Hub/Editor/2020.3.0f1c1/Editor/Data/Managed'
Mono path[1] = 'C:/Program Files/Unity/Hub/Editor/2020.3.0f1c1/Editor/Data/MonoBleedingEdge/lib/mono/unityjit'
Mono config path = 'C:/Program Files/Unity/Hub/Editor/2020.3.0f1c1/Editor/Data/MonoBleedingEdge/etc'
Using monoOptions --debugger-agent=transport=dt_socket,embedding=1,server=y,suspend=n,address=127.0.0.1:56360
Begin MonoManager ReloadAssembly
Registering precompiled unity dll's ...
Register platform support module: C:/Program Files/Unity/Hub/Editor/2020.3.0f1c1/Editor/Data/PlaybackEngines/WebGLSupport/UnityEditor.WebGL.Extensions.dll
Register platform support module: C:/Program Files/Unity/Hub/Editor/2020.3.0f1c1/Editor/Data/PlaybackEngines/MacStandaloneSupport/UnityEditor.OSXStandalone.Extensions.dll
Register platform support module: C:/Program Files/Unity/Hub/Editor/2020.3.0f1c1/Editor/Data/PlaybackEngines/WindowsStandaloneSupport/UnityEditor.WindowsStandalone.Extensions.dll
Register platform support module: C:/Program Files/Unity/Hub/Editor/2020.3.0f1c1/Editor/Data/PlaybackEngines/LinuxStandaloneSupport/UnityEditor.LinuxStandalone.Extensions.dll
Registered in 0.005904 seconds.
Native extension for LinuxStandalone target not found
Native extension for WindowsStandalone target not found
Native extension for OSXStandalone target not found
Native extension for WebGL target not found
Refreshing native plugins compatible for Editor in 25.78 ms, found 0 plugins.
Preloading 0 native plugins for Editor in 0.00 ms.
Invoked RoslynAnalysisRunner static constructor.
RoslynAnalysisRunner will not be running.
RoslynAnalysisRunner has terminated.
Mono: successfully reloaded assembly
- Completed reload, in  2.447 seconds
Platform modules already initialized, skipping
Registering precompiled user dll's ...
Registered in 0.002003 seconds.
Begin MonoManager ReloadAssembly
Native extension for LinuxStandalone target not found
Native extension for WindowsStandalone target not found
Native extension for OSXStandalone target not found
Native extension for WebGL target not found
Refreshing native plugins compatible for Editor in 0.32 ms, found 0 plugins.
Preloading 0 native plugins for Editor in 0.00 ms.
Invoked RoslynAnalysisRunner static constructor.
RoslynAnalysisRunner will not be running.
RoslynAnalysisRunner has terminated.
Mono: successfully reloaded assembly
- Completed reload, in  1.486 seconds
Platform modules already initialized, skipping
========================================================================
Worker process is ready to serve import requests
Launched and connected shader compiler UnityShaderCompiler.exe after 0.07 seconds
Refreshing native plugins compatible for Editor in 0.29 ms, found 0 plugins.
Preloading 0 native plugins for Editor in 0.00 ms.
Unloading 1719 Unused Serialized files (Serialized files now loaded: 0)
System memory in use before: 94.3 MB.
System memory in use after: 94.4 MB.

Unloading 14 unused Assets to reduce memory usage. Loaded Objects now: 2163.
Total: 2.211400 ms (FindLiveObjects: 0.214800 ms CreateObjectMapping: 0.090000 ms MarkObjects: 1.830200 ms  DeleteObjects: 0.075200 ms)

========================================================================
Received Import Request.
  path: Assets/Scenes/SampleScene.unity
  artifactKey: Guid(9fc0d4010bbf28b4594072e72b8655ab) Importer(815301076,1909f56bfc062723c751e8b465ee728b)
Start importing Assets/Scenes/SampleScene.unity using Guid(9fc0d4010bbf28b4594072e72b8655ab) Importer(815301076,1909f56bfc062723c751e8b465ee728b)  -> (artifact id: 'ee784fde4f6b42f6105fc469b3638cb4') in 0.013007 seconds
  Import took 0.015473 seconds .

========================================================================
Received Import Request.
  Time since last request: 15.419502 seconds.
  path: Assets/MagicaCloth/Example (Can be deleted)/Material/Floor.mat
  artifactKey: Guid(4211f17f5c190d849835987146a24053) Importer(815301076,1909f56bfc062723c751e8b465ee728b)
Start importing Assets/MagicaCloth/Example (Can be deleted)/Material/Floor.mat using Guid(4211f17f5c190d849835987146a24053) Importer(815301076,1909f56bfc062723c751e8b465ee728b)  -> (artifact id: 'a5ae4cd4ddec45e1fb135bc0ede5a2d7') in 0.306851 seconds
  Import took 0.309497 seconds .

========================================================================
Received Import Request.
  Time since last request: 1.420764 seconds.
  path: Assets/MagicaCloth/Example (Can be deleted)/Scene/BoneClothSample.unity
  artifactKey: Guid(a5ad564958023c9439126602127381f7) Importer(815301076,1909f56bfc062723c751e8b465ee728b)
Start importing Assets/MagicaCloth/Example (Can be deleted)/Scene/BoneClothSample.unity using Guid(a5ad564958023c9439126602127381f7) Importer(815301076,1909f56bfc062723c751e8b465ee728b)  -> (artifact id: 'c7f8bc0081304d7d0cdd254f1c5e2567') in 0.006271 seconds
  Import took 0.008656 seconds .

========================================================================
Received Import Request.
  Time since last request: 4.072719 seconds.
  path: Assets/MagicaCloth/Example (Can be deleted)/Scene/BoneSpringSample.unity
  artifactKey: Guid(ab557c51432392c4da1e7caa1455021a) Importer(815301076,1909f56bfc062723c751e8b465ee728b)
Start importing Assets/MagicaCloth/Example (Can be deleted)/Scene/BoneSpringSample.unity using Guid(ab557c51432392c4da1e7caa1455021a) Importer(815301076,1909f56bfc062723c751e8b465ee728b)  -> (artifact id: 'e360d784918bbc17e7e46c9cc429c3c0') in 0.005978 seconds
  Import took 0.008409 seconds .

========================================================================
Received Import Request.
  Time since last request: 1.928591 seconds.
  path: Assets/MagicaCloth/Example (Can be deleted)/Scene/DistanceDisableSample.unity
  artifactKey: Guid(3d095e22827aaff4182c7c01ac85a866) Importer(815301076,1909f56bfc062723c751e8b465ee728b)
Start importing Assets/MagicaCloth/Example (Can be deleted)/Scene/DistanceDisableSample.unity using Guid(3d095e22827aaff4182c7c01ac85a866) Importer(815301076,1909f56bfc062723c751e8b465ee728b)  -> (artifact id: '7bfc28566c0a7626a7359301b9a7570f') in 0.006246 seconds
  Import took 0.008675 seconds .

========================================================================
Received Import Request.
  Time since last request: 4.244271 seconds.
  path: Assets/MagicaCloth/Example (Can be deleted)/Scene/MeshSpringSample.unity
  artifactKey: Guid(9d0bb4ba655de46418a38fa7d02604d6) Importer(815301076,1909f56bfc062723c751e8b465ee728b)
Start importing Assets/MagicaCloth/Example (Can be deleted)/Scene/MeshSpringSample.unity using Guid(9d0bb4ba655de46418a38fa7d02604d6) Importer(815301076,1909f56bfc062723c751e8b465ee728b)  -> (artifact id: '3ceec1edff6b396b746b6362314713f9') in 0.007389 seconds
  Import took 0.010118 seconds .

========================================================================
Received Import Request.
  Time since last request: 1.339260 seconds.
  path: Assets/MagicaCloth/Example (Can be deleted)/Scene/UnityChanClothSample.unity
  artifactKey: Guid(c48dd7a719cc8cf449bb9cb48ab82491) Importer(815301076,1909f56bfc062723c751e8b465ee728b)
Start importing Assets/MagicaCloth/Example (Can be deleted)/Scene/UnityChanClothSample.unity using Guid(c48dd7a719cc8cf449bb9cb48ab82491) Importer(815301076,1909f56bfc062723c751e8b465ee728b)  -> (artifact id: '544ca11cb94f8d4cbd4451308318f77b') in 0.006101 seconds
  Import took 0.008517 seconds .

========================================================================
Received Import Request.
  Time since last request: 4.152418 seconds.
  path: Assets/MagicaCloth/Example (Can be deleted)/Scene/WindSample.unity
  artifactKey: Guid(8c5ec0b9499704f4f80f12a1fc9f1134) Importer(815301076,1909f56bfc062723c751e8b465ee728b)
Start importing Assets/MagicaCloth/Example (Can be deleted)/Scene/WindSample.unity using Guid(8c5ec0b9499704f4f80f12a1fc9f1134) Importer(815301076,1909f56bfc062723c751e8b465ee728b)  -> (artifact id: 'e80d9c96921d5e5b67e34abd3ff2154a') in 0.006179 seconds
  Import took 0.008575 seconds .

